2016-05-23 00:32:54,433 INFO  [LoggerUtil] ETL start.
2016-05-23 00:32:54,434 INFO  [LoggerUtil] ETL start.
2016-05-23 00:32:54,499 INFO  [LoggerUtil] ETL complete, elapsed time:66
2016-05-23 00:32:54,499 INFO  [LoggerUtil] ETL complete, elapsed time:68
2016-05-23 00:58:48,878 INFO  [LoggerUtil] ETL start.
2016-05-23 00:58:48,888 INFO  [LoggerUtil] ETL start.
2016-05-23 00:58:48,970 INFO  [LoggerUtil] ETL complete, elapsed time:92
2016-05-23 00:58:48,970 INFO  [LoggerUtil] ETL complete, elapsed time:92
2016-05-23 01:02:56,901 INFO  [LoggerUtil] ETL start.
2016-05-23 01:02:56,912 INFO  [LoggerUtil] ETL start.
2016-05-23 01:02:56,990 INFO  [LoggerUtil] ETL complete, elapsed time:90
2016-05-23 01:02:56,991 INFO  [LoggerUtil] ETL complete, elapsed time:91
2016-05-23 01:12:23,324 INFO  [LoggerUtil] ETL start.
2016-05-23 01:12:23,325 INFO  [LoggerUtil] ETL start.
2016-05-23 01:12:23,445 INFO  [LoggerUtil] ETL complete, elapsed time:123
2016-05-23 01:12:23,445 INFO  [LoggerUtil] ETL complete, elapsed time:123
2016-05-23 01:16:04,043 INFO  2016-05-15-06ETL start.
2016-05-23 01:16:04,046 INFO  2016-05-15-05ETL start.
2016-05-23 01:16:04,197 INFO  2016-05-15-05ETL complete, elapsed time:159
2016-05-23 01:16:04,197 INFO  2016-05-15-06ETL complete, elapsed time:162
2016-05-23 01:41:49,612 INFO  2016-05-15-06 ETL start.
2016-05-23 01:41:49,624 INFO  2016-05-15-05 ETL start.
2016-05-23 01:41:49,741 INFO  2016-05-15-05 ETL complete, elapsed time:117
2016-05-23 01:41:49,741 INFO  2016-05-15-06 ETL complete, elapsed time:131
2016-05-23 01:44:39,320 INFO  Hour 2016-05-15-06 ETL start.
2016-05-23 01:44:39,333 INFO  Hour 2016-05-15-05 ETL start.
2016-05-23 01:44:39,422 INFO  Hour 2016-05-15-05 ETL complete, elapsed time:89
2016-05-23 01:44:39,422 INFO  Hour 2016-05-15-06 ETL complete, elapsed time:103
